{"C:\\Users\\Viqtor\\Desktop\\Projects\\nodeJs\\node-purple\\express\\src\\app.ts": {"path":"C:\\Users\\Viqtor\\Desktop\\Projects\\nodeJs\\node-purple\\express\\src\\app.ts","statementMap":{"0":{"start":{"line":1,"column":0},"end":{"line":1,"column":58}},"1":{"start":{"line":2,"column":0},"end":{"line":2,"column":43}},"2":{"start":{"line":4,"column":0},"end":{"line":4,"column":58}},"3":{"start":{"line":6,"column":0},"end":{"line":6,"column":47}},"4":{"start":{"line":7,"column":0},"end":{"line":7,"column":32}},"5":{"start":{"line":8,"column":0},"end":{"line":8,"column":26}},"6":{"start":{"line":9,"column":0},"end":{"line":9,"column":35}},"7":{"start":{"line":12,"column":0},"end":{"line":12,"column":58}},"8":{"start":{"line":15,"column":7},"end":{"line":56,"column":null}},"9":{"start":{"line":21,"column":32},"end":{"line":21,"column":47}},"10":{"start":{"line":22,"column":40},"end":{"line":22,"column":56}},"11":{"start":{"line":23,"column":41},"end":{"line":23,"column":74}},"12":{"start":{"line":24,"column":39},"end":{"line":24,"column":68}},"13":{"start":{"line":25,"column":39},"end":{"line":25,"column":54}},"14":{"start":{"line":18,"column":1},"end":{"line":18,"column":13}},"15":{"start":{"line":27,"column":2},"end":{"line":27,"column":23}},"16":{"start":{"line":31,"column":17},"end":{"line":31,"column":49}},"17":{"start":{"line":32,"column":25},"end":{"line":32,"column":51}},"18":{"start":{"line":33,"column":2},"end":{"line":33,"column":68}},"19":{"start":{"line":37,"column":2},"end":{"line":37,"column":53}},"20":{"start":{"line":41,"column":2},"end":{"line":41,"column":70}},"21":{"start":{"line":45,"column":2},"end":{"line":45,"column":23}},"22":{"start":{"line":46,"column":2},"end":{"line":46,"column":19}},"23":{"start":{"line":47,"column":2},"end":{"line":47,"column":28}},"24":{"start":{"line":48,"column":2},"end":{"line":48,"column":37}},"25":{"start":{"line":49,"column":2},"end":{"line":49,"column":43}},"26":{"start":{"line":50,"column":2},"end":{"line":50,"column":69}},"27":{"start":{"line":54,"column":2},"end":{"line":54,"column":22}},"28":{"start":{"line":15,"column":13},"end":{"line":56,"column":null}},"29":{"start":{"line":15,"column":13},"end":{"line":15,"column":16}}},"fnMap":{"0":{"name":"(anonymous_12)","decl":{"start":{"line":20,"column":1},"end":{"line":20,"column":null}},"loc":{"start":{"line":25,"column":67},"end":{"line":28,"column":2}}},"1":{"name":"(anonymous_13)","decl":{"start":{"line":30,"column":8},"end":{"line":30,"column":21}},"loc":{"start":{"line":30,"column":21},"end":{"line":34,"column":2}}},"2":{"name":"(anonymous_14)","decl":{"start":{"line":36,"column":8},"end":{"line":36,"column":17}},"loc":{"start":{"line":36,"column":17},"end":{"line":38,"column":2}}},"3":{"name":"(anonymous_15)","decl":{"start":{"line":40,"column":8},"end":{"line":40,"column":26}},"loc":{"start":{"line":40,"column":26},"end":{"line":42,"column":2}}},"4":{"name":"(anonymous_16)","decl":{"start":{"line":44,"column":14},"end":{"line":44,"column":18}},"loc":{"start":{"line":44,"column":18},"end":{"line":51,"column":null}}},"5":{"name":"(anonymous_18)","decl":{"start":{"line":53,"column":8},"end":{"line":53,"column":13}},"loc":{"start":{"line":53,"column":13},"end":{"line":55,"column":2}}}},"branchMap":{},"s":{"0":1,"1":1,"2":1,"3":1,"4":1,"5":1,"6":1,"7":1,"8":1,"9":1,"10":1,"11":1,"12":1,"13":1,"14":1,"15":1,"16":1,"17":1,"18":1,"19":1,"20":1,"21":1,"22":1,"23":1,"24":1,"25":1,"26":1,"27":1,"28":1,"29":1},"f":{"0":1,"1":1,"2":1,"3":1,"4":1,"5":1},"b":{}}
,"C:\\Users\\Viqtor\\Desktop\\Projects\\nodeJs\\node-purple\\express\\src\\main.ts": {"path":"C:\\Users\\Viqtor\\Desktop\\Projects\\nodeJs\\node-purple\\express\\src\\main.ts","statementMap":{"0":{"start":{"line":1,"column":0},"end":{"line":1,"column":67}},"1":{"start":{"line":2,"column":0},"end":{"line":2,"column":28}},"2":{"start":{"line":3,"column":0},"end":{"line":3,"column":60}},"3":{"start":{"line":4,"column":0},"end":{"line":4,"column":56}},"4":{"start":{"line":5,"column":0},"end":{"line":5,"column":58}},"5":{"start":{"line":7,"column":0},"end":{"line":7,"column":32}},"6":{"start":{"line":9,"column":0},"end":{"line":9,"column":52}},"7":{"start":{"line":13,"column":0},"end":{"line":13,"column":56}},"8":{"start":{"line":14,"column":0},"end":{"line":14,"column":58}},"9":{"start":{"line":15,"column":0},"end":{"line":15,"column":59}},"10":{"start":{"line":22,"column":20},"end":{"line":31,"column":2}},"11":{"start":{"line":23,"column":1},"end":{"line":23,"column":66}},"12":{"start":{"line":24,"column":1},"end":{"line":24,"column":86}},"13":{"start":{"line":25,"column":1},"end":{"line":25,"column":84}},"14":{"start":{"line":26,"column":1},"end":{"line":26,"column":74}},"15":{"start":{"line":27,"column":1},"end":{"line":27,"column":80}},"16":{"start":{"line":28,"column":1},"end":{"line":28,"column":79}},"17":{"start":{"line":29,"column":1},"end":{"line":29,"column":57}},"18":{"start":{"line":30,"column":1},"end":{"line":30,"column":85}},"19":{"start":{"line":33,"column":18},"end":{"line":41,"column":2}},"20":{"start":{"line":33,"column":56},"end":{"line":41,"column":2}},"21":{"start":{"line":34,"column":22},"end":{"line":34,"column":37}},"22":{"start":{"line":35,"column":1},"end":{"line":35,"column":32}},"23":{"start":{"line":36,"column":13},"end":{"line":36,"column":53}},"24":{"start":{"line":38,"column":1},"end":{"line":38,"column":18}},"25":{"start":{"line":40,"column":1},"end":{"line":40,"column":30}},"26":{"start":{"line":43,"column":13},"end":{"line":43,"column":32}}},"fnMap":{"0":{"name":"(anonymous_7)","decl":{"start":{"line":22,"column":40},"end":{"line":22,"column":41}},"loc":{"start":{"line":22,"column":66},"end":{"line":31,"column":1}}},"1":{"name":"(anonymous_8)","decl":{"start":{"line":33,"column":18},"end":{"line":33,"column":54}},"loc":{"start":{"line":33,"column":56},"end":{"line":41,"column":2}}},"2":{"name":"(anonymous_9)","decl":{"start":{"line":33,"column":56},"end":{"line":33,"column":null}},"loc":{"start":{"line":33,"column":56},"end":{"line":41,"column":1}}}},"branchMap":{},"s":{"0":1,"1":1,"2":1,"3":1,"4":1,"5":1,"6":1,"7":1,"8":1,"9":1,"10":1,"11":1,"12":1,"13":1,"14":1,"15":1,"16":1,"17":1,"18":1,"19":1,"20":1,"21":1,"22":1,"23":1,"24":1,"25":1,"26":1},"f":{"0":1,"1":1,"2":1},"b":{}}
,"C:\\Users\\Viqtor\\Desktop\\Projects\\nodeJs\\node-purple\\express\\src\\types.ts": {"path":"C:\\Users\\Viqtor\\Desktop\\Projects\\nodeJs\\node-purple\\express\\src\\types.ts","statementMap":{"0":{"start":{"line":1,"column":13},"end":{"line":10,"column":2}}},"fnMap":{},"branchMap":{},"s":{"0":1},"f":{},"b":{}}
,"C:\\Users\\Viqtor\\Desktop\\Projects\\nodeJs\\node-purple\\express\\src\\common\\auth.guard.ts": {"path":"C:\\Users\\Viqtor\\Desktop\\Projects\\nodeJs\\node-purple\\express\\src\\common\\auth.guard.ts","statementMap":{"0":{"start":{"line":6,"column":2},"end":{"line":8,"column":null}},"1":{"start":{"line":7,"column":3},"end":{"line":7,"column":17}},"2":{"start":{"line":10,"column":2},"end":{"line":10,"column":56}},"3":{"start":{"line":4,"column":0},"end":{"line":4,"column":13}}},"fnMap":{"0":{"name":"(anonymous_0)","decl":{"start":{"line":5,"column":1},"end":{"line":5,"column":8}},"loc":{"start":{"line":5,"column":61},"end":{"line":11,"column":2}}}},"branchMap":{"0":{"loc":{"start":{"line":6,"column":2},"end":{"line":8,"column":null}},"type":"if","locations":[{"start":{"line":6,"column":2},"end":{"line":8,"column":null}}]}},"s":{"0":2,"1":1,"2":1,"3":1},"f":{"0":2},"b":{"0":[1]}}
,"C:\\Users\\Viqtor\\Desktop\\Projects\\nodeJs\\node-purple\\express\\src\\common\\auth.middleware.ts": {"path":"C:\\Users\\Viqtor\\Desktop\\Projects\\nodeJs\\node-purple\\express\\src\\common\\auth.middleware.ts","statementMap":{"0":{"start":{"line":3,"column":0},"end":{"line":3,"column":38}},"1":{"start":{"line":6,"column":21},"end":{"line":6,"column":35}},"2":{"start":{"line":8,"column":2},"end":{"line":20,"column":null}},"3":{"start":{"line":9,"column":17},"end":{"line":9,"column":56}},"4":{"start":{"line":10,"column":3},"end":{"line":17,"column":6}},"5":{"start":{"line":11,"column":4},"end":{"line":16,"column":null}},"6":{"start":{"line":12,"column":5},"end":{"line":12,"column":12}},"7":{"start":{"line":13,"column":11},"end":{"line":16,"column":null}},"8":{"start":{"line":14,"column":5},"end":{"line":14,"column":30}},"9":{"start":{"line":15,"column":5},"end":{"line":15,"column":12}},"10":{"start":{"line":19,"column":3},"end":{"line":19,"column":10}},"11":{"start":{"line":5,"column":0},"end":{"line":5,"column":13}}},"fnMap":{"0":{"name":"(anonymous_0)","decl":{"start":{"line":6,"column":1},"end":{"line":6,"column":21}},"loc":{"start":{"line":6,"column":35},"end":{"line":6,"column":39}}},"1":{"name":"(anonymous_1)","decl":{"start":{"line":7,"column":1},"end":{"line":7,"column":8}},"loc":{"start":{"line":7,"column":56},"end":{"line":21,"column":2}}},"2":{"name":"(anonymous_2)","decl":{"start":{"line":10,"column":30},"end":{"line":10,"column":31}},"loc":{"start":{"line":10,"column":47},"end":{"line":17,"column":4}}}},"branchMap":{"0":{"loc":{"start":{"line":8,"column":2},"end":{"line":20,"column":null}},"type":"if","locations":[{"start":{"line":8,"column":2},"end":{"line":20,"column":null}},{"start":{"line":18,"column":9},"end":{"line":20,"column":null}}]},"1":{"loc":{"start":{"line":11,"column":4},"end":{"line":16,"column":null}},"type":"if","locations":[{"start":{"line":11,"column":4},"end":{"line":16,"column":null}},{"start":{"line":13,"column":11},"end":{"line":16,"column":null}}]},"2":{"loc":{"start":{"line":13,"column":11},"end":{"line":16,"column":null}},"type":"if","locations":[{"start":{"line":13,"column":11},"end":{"line":16,"column":null}}]},"3":{"loc":{"start":{"line":13,"column":15},"end":{"line":13,"column":53}},"type":"binary-expr","locations":[{"start":{"line":13,"column":15},"end":{"line":13,"column":22}},{"start":{"line":13,"column":26},"end":{"line":13,"column":53}}]}},"s":{"0":1,"1":1,"2":6,"3":2,"4":2,"5":2,"6":1,"7":1,"8":1,"9":1,"10":4,"11":1},"f":{"0":1,"1":6,"2":2},"b":{"0":[2,4],"1":[1,1],"2":[1],"3":[1,1]}}
,"C:\\Users\\Viqtor\\Desktop\\Projects\\nodeJs\\node-purple\\express\\src\\common\\base.controller.ts": {"path":"C:\\Users\\Viqtor\\Desktop\\Projects\\nodeJs\\node-purple\\express\\src\\common\\base.controller.ts","statementMap":{"0":{"start":{"line":1,"column":0},"end":{"line":1,"column":52}},"1":{"start":{"line":4,"column":0},"end":{"line":4,"column":39}},"2":{"start":{"line":5,"column":0},"end":{"line":5,"column":26}},"3":{"start":{"line":8,"column":7},"end":{"line":40,"column":null}},"4":{"start":{"line":11,"column":21},"end":{"line":11,"column":36}},"5":{"start":{"line":12,"column":2},"end":{"line":12,"column":26}},"6":{"start":{"line":16,"column":2},"end":{"line":16,"column":22}},"7":{"start":{"line":20,"column":2},"end":{"line":20,"column":65}},"8":{"start":{"line":24,"column":2},"end":{"line":24,"column":41}},"9":{"start":{"line":28,"column":2},"end":{"line":28,"column":25}},"10":{"start":{"line":32,"column":2},"end":{"line":38,"column":5}},"11":{"start":{"line":33,"column":3},"end":{"line":33,"column":42}},"12":{"start":{"line":34,"column":31},"end":{"line":34,"column":73}},"13":{"start":{"line":34,"column":55},"end":{"line":34,"column":72}},"14":{"start":{"line":35,"column":19},"end":{"line":35,"column":34}},"15":{"start":{"line":37,"column":3},"end":{"line":37,"column":66}},"16":{"start":{"line":8,"column":22},"end":{"line":40,"column":null}},"17":{"start":{"line":8,"column":22},"end":{"line":8,"column":36}}},"fnMap":{"0":{"name":"(anonymous_2)","decl":{"start":{"line":11,"column":1},"end":{"line":11,"column":21}},"loc":{"start":{"line":11,"column":36},"end":{"line":13,"column":2}}},"1":{"name":"(anonymous_3)","decl":{"start":{"line":15,"column":1},"end":{"line":15,"column":5}},"loc":{"start":{"line":15,"column":11},"end":{"line":17,"column":2}}},"2":{"name":"(anonymous_4)","decl":{"start":{"line":19,"column":8},"end":{"line":19,"column":12}},"loc":{"start":{"line":19,"column":55},"end":{"line":21,"column":2}}},"3":{"name":"(anonymous_5)","decl":{"start":{"line":23,"column":8},"end":{"line":23,"column":10}},"loc":{"start":{"line":23,"column":39},"end":{"line":25,"column":2}}},"4":{"name":"(anonymous_6)","decl":{"start":{"line":27,"column":8},"end":{"line":27,"column":15}},"loc":{"start":{"line":27,"column":29},"end":{"line":29,"column":2}}},"5":{"name":"(anonymous_7)","decl":{"start":{"line":31,"column":11},"end":{"line":31,"column":21}},"loc":{"start":{"line":31,"column":48},"end":{"line":39,"column":2}}},"6":{"name":"(anonymous_8)","decl":{"start":{"line":32,"column":17},"end":{"line":32,"column":18}},"loc":{"start":{"line":32,"column":62},"end":{"line":38,"column":3}}},"7":{"name":"(anonymous_9)","decl":{"start":{"line":34,"column":48},"end":{"line":34,"column":49}},"loc":{"start":{"line":34,"column":55},"end":{"line":34,"column":72}}}},"branchMap":{"0":{"loc":{"start":{"line":32,"column":40},"end":{"line":32,"column":56}},"type":"default-arg","locations":[{"start":{"line":32,"column":54},"end":{"line":32,"column":56}}]},"1":{"loc":{"start":{"line":34,"column":31},"end":{"line":34,"column":73}},"type":"cond-expr","locations":[{"start":{"line":34,"column":42},"end":{"line":34,"column":44}},{"start":{"line":34,"column":31},"end":{"line":34,"column":73}}]},"2":{"loc":{"start":{"line":34,"column":31},"end":{"line":34,"column":44}},"type":"binary-expr","locations":[{"start":{"line":34,"column":31},"end":{"line":34,"column":44}},{"start":{"line":34,"column":31},"end":{"line":34,"column":44}}]}},"s":{"0":1,"1":1,"2":1,"3":1,"4":1,"5":1,"6":4,"7":3,"8":3,"9":0,"10":1,"11":3,"12":3,"13":3,"14":3,"15":3,"16":1,"17":1},"f":{"0":1,"1":4,"2":3,"3":3,"4":0,"5":1,"6":3,"7":3},"b":{"0":[0],"1":[0,3],"2":[3,3]}}
,"C:\\Users\\Viqtor\\Desktop\\Projects\\nodeJs\\node-purple\\express\\src\\common\\validate.middleware.ts": {"path":"C:\\Users\\Viqtor\\Desktop\\Projects\\nodeJs\\node-purple\\express\\src\\common\\validate.middleware.ts","statementMap":{"0":{"start":{"line":3,"column":0},"end":{"line":3,"column":67}},"1":{"start":{"line":4,"column":0},"end":{"line":4,"column":43}},"2":{"start":{"line":7,"column":21},"end":{"line":7,"column":62}},"3":{"start":{"line":10,"column":19},"end":{"line":10,"column":59}},"4":{"start":{"line":12,"column":2},"end":{"line":17,"column":5}},"5":{"start":{"line":13,"column":3},"end":{"line":15,"column":null}},"6":{"start":{"line":14,"column":4},"end":{"line":14,"column":40}},"7":{"start":{"line":16,"column":3},"end":{"line":16,"column":10}},"8":{"start":{"line":6,"column":0},"end":{"line":6,"column":13}}},"fnMap":{"0":{"name":"(anonymous_0)","decl":{"start":{"line":7,"column":1},"end":{"line":7,"column":21}},"loc":{"start":{"line":7,"column":62},"end":{"line":7,"column":66}}},"1":{"name":"(anonymous_1)","decl":{"start":{"line":9,"column":1},"end":{"line":9,"column":8}},"loc":{"start":{"line":9,"column":61},"end":{"line":18,"column":2}}},"2":{"name":"(anonymous_2)","decl":{"start":{"line":12,"column":26},"end":{"line":12,"column":27}},"loc":{"start":{"line":12,"column":37},"end":{"line":17,"column":3}}}},"branchMap":{"0":{"loc":{"start":{"line":13,"column":3},"end":{"line":15,"column":null}},"type":"if","locations":[{"start":{"line":13,"column":3},"end":{"line":15,"column":null}}]}},"s":{"0":1,"1":1,"2":2,"3":4,"4":4,"5":4,"6":1,"7":3,"8":1},"f":{"0":2,"1":4,"2":4},"b":{"0":[1]}}
,"C:\\Users\\Viqtor\\Desktop\\Projects\\nodeJs\\node-purple\\express\\src\\config\\config.service.ts": {"path":"C:\\Users\\Viqtor\\Desktop\\Projects\\nodeJs\\node-purple\\express\\src\\config\\config.service.ts","statementMap":{"0":{"start":{"line":1,"column":0},"end":{"line":1,"column":47}},"1":{"start":{"line":3,"column":0},"end":{"line":3,"column":71}},"2":{"start":{"line":4,"column":0},"end":{"line":4,"column":33}},"3":{"start":{"line":8,"column":7},"end":{"line":25,"column":null}},"4":{"start":{"line":11,"column":43},"end":{"line":11,"column":58}},"5":{"start":{"line":12,"column":37},"end":{"line":12,"column":45}},"6":{"start":{"line":14,"column":2},"end":{"line":19,"column":null}},"7":{"start":{"line":15,"column":3},"end":{"line":15,"column":90}},"8":{"start":{"line":17,"column":3},"end":{"line":17,"column":66}},"9":{"start":{"line":18,"column":3},"end":{"line":18,"column":52}},"10":{"start":{"line":23,"column":2},"end":{"line":23,"column":26}},"11":{"start":{"line":8,"column":13},"end":{"line":25,"column":null}},"12":{"start":{"line":8,"column":13},"end":{"line":8,"column":26}}},"fnMap":{"0":{"name":"(anonymous_4)","decl":{"start":{"line":11,"column":1},"end":{"line":11,"column":14}},"loc":{"start":{"line":11,"column":58},"end":{"line":20,"column":2}}},"1":{"name":"(anonymous_5)","decl":{"start":{"line":22,"column":1},"end":{"line":22,"column":4}},"loc":{"start":{"line":22,"column":16},"end":{"line":24,"column":2}}}},"branchMap":{"0":{"loc":{"start":{"line":14,"column":2},"end":{"line":19,"column":null}},"type":"if","locations":[{"start":{"line":14,"column":2},"end":{"line":19,"column":null}},{"start":{"line":16,"column":9},"end":{"line":19,"column":null}}]}},"s":{"0":1,"1":1,"2":1,"3":1,"4":1,"5":1,"6":1,"7":0,"8":1,"9":1,"10":3,"11":1,"12":1},"f":{"0":1,"1":3},"b":{"0":[0,1]}}
,"C:\\Users\\Viqtor\\Desktop\\Projects\\nodeJs\\node-purple\\express\\src\\database\\prisma.service.ts": {"path":"C:\\Users\\Viqtor\\Desktop\\Projects\\nodeJs\\node-purple\\express\\src\\database\\prisma.service.ts","statementMap":{"0":{"start":{"line":1,"column":0},"end":{"line":1,"column":57}},"1":{"start":{"line":2,"column":0},"end":{"line":2,"column":47}},"2":{"start":{"line":3,"column":0},"end":{"line":3,"column":33}},"3":{"start":{"line":7,"column":7},"end":{"line":28,"column":null}},"4":{"start":{"line":10,"column":43},"end":{"line":10,"column":58}},"5":{"start":{"line":11,"column":2},"end":{"line":11,"column":35}},"6":{"start":{"line":15,"column":2},"end":{"line":22,"column":null}},"7":{"start":{"line":16,"column":3},"end":{"line":16,"column":32}},"8":{"start":{"line":17,"column":3},"end":{"line":17,"column":73}},"9":{"start":{"line":19,"column":3},"end":{"line":21,"column":null}},"10":{"start":{"line":20,"column":4},"end":{"line":20,"column":85}},"11":{"start":{"line":26,"column":2},"end":{"line":26,"column":34}},"12":{"start":{"line":7,"column":13},"end":{"line":28,"column":null}},"13":{"start":{"line":7,"column":13},"end":{"line":7,"column":26}}},"fnMap":{"0":{"name":"(anonymous_11)","decl":{"start":{"line":10,"column":1},"end":{"line":10,"column":14}},"loc":{"start":{"line":10,"column":58},"end":{"line":12,"column":2}}},"1":{"name":"(anonymous_12)","decl":{"start":{"line":14,"column":7},"end":{"line":14,"column":14}},"loc":{"start":{"line":14,"column":14},"end":{"line":23,"column":null}}},"2":{"name":"(anonymous_14)","decl":{"start":{"line":25,"column":7},"end":{"line":25,"column":17}},"loc":{"start":{"line":25,"column":17},"end":{"line":27,"column":null}}}},"branchMap":{"0":{"loc":{"start":{"line":19,"column":3},"end":{"line":21,"column":null}},"type":"if","locations":[{"start":{"line":19,"column":3},"end":{"line":21,"column":null}}]}},"s":{"0":1,"1":1,"2":1,"3":1,"4":1,"5":1,"6":1,"7":1,"8":1,"9":0,"10":0,"11":0,"12":1,"13":1},"f":{"0":1,"1":1,"2":0},"b":{"0":[0]}}
,"C:\\Users\\Viqtor\\Desktop\\Projects\\nodeJs\\node-purple\\express\\src\\errors\\exception.filter.ts": {"path":"C:\\Users\\Viqtor\\Desktop\\Projects\\nodeJs\\node-purple\\express\\src\\errors\\exception.filter.ts","statementMap":{"0":{"start":{"line":4,"column":0},"end":{"line":4,"column":47}},"1":{"start":{"line":5,"column":0},"end":{"line":5,"column":47}},"2":{"start":{"line":7,"column":0},"end":{"line":7,"column":33}},"3":{"start":{"line":8,"column":0},"end":{"line":8,"column":26}},"4":{"start":{"line":11,"column":7},"end":{"line":23,"column":null}},"5":{"start":{"line":12,"column":43},"end":{"line":12,"column":58}},"6":{"start":{"line":15,"column":2},"end":{"line":21,"column":null}},"7":{"start":{"line":16,"column":3},"end":{"line":16,"column":82}},"8":{"start":{"line":17,"column":3},"end":{"line":17,"column":57}},"9":{"start":{"line":19,"column":3},"end":{"line":19,"column":34}},"10":{"start":{"line":20,"column":3},"end":{"line":20,"column":46}},"11":{"start":{"line":11,"column":13},"end":{"line":23,"column":null}},"12":{"start":{"line":11,"column":13},"end":{"line":11,"column":28}}},"fnMap":{"0":{"name":"(anonymous_4)","decl":{"start":{"line":12,"column":1},"end":{"line":12,"column":14}},"loc":{"start":{"line":12,"column":58},"end":{"line":12,"column":62}}},"1":{"name":"(anonymous_5)","decl":{"start":{"line":14,"column":1},"end":{"line":14,"column":6}},"loc":{"start":{"line":14,"column":78},"end":{"line":22,"column":2}}}},"branchMap":{"0":{"loc":{"start":{"line":15,"column":2},"end":{"line":21,"column":null}},"type":"if","locations":[{"start":{"line":15,"column":2},"end":{"line":21,"column":null}},{"start":{"line":18,"column":9},"end":{"line":21,"column":null}}]}},"s":{"0":1,"1":1,"2":1,"3":1,"4":1,"5":1,"6":1,"7":1,"8":1,"9":0,"10":0,"11":1,"12":1},"f":{"0":1,"1":1},"b":{"0":[1,0]}}
,"C:\\Users\\Viqtor\\Desktop\\Projects\\nodeJs\\node-purple\\express\\src\\errors\\http-error.class.ts": {"path":"C:\\Users\\Viqtor\\Desktop\\Projects\\nodeJs\\node-purple\\express\\src\\errors\\http-error.class.ts","statementMap":{"0":{"start":{"line":6,"column":2},"end":{"line":6,"column":17}},"1":{"start":{"line":7,"column":2},"end":{"line":7,"column":31}},"2":{"start":{"line":8,"column":2},"end":{"line":8,"column":25}},"3":{"start":{"line":1,"column":0},"end":{"line":1,"column":13}}},"fnMap":{"0":{"name":"(anonymous_0)","decl":{"start":{"line":5,"column":1},"end":{"line":5,"column":13}},"loc":{"start":{"line":5,"column":66},"end":{"line":9,"column":2}}}},"branchMap":{},"s":{"0":1,"1":1,"2":1,"3":1},"f":{"0":1},"b":{}}
,"C:\\Users\\Viqtor\\Desktop\\Projects\\nodeJs\\node-purple\\express\\src\\logger\\logger.service.ts": {"path":"C:\\Users\\Viqtor\\Desktop\\Projects\\nodeJs\\node-purple\\express\\src\\logger\\logger.service.ts","statementMap":{"0":{"start":{"line":1,"column":0},"end":{"line":1,"column":31}},"1":{"start":{"line":3,"column":0},"end":{"line":3,"column":39}},"2":{"start":{"line":4,"column":0},"end":{"line":4,"column":26}},"3":{"start":{"line":7,"column":7},"end":{"line":30,"column":null}},"4":{"start":{"line":11,"column":2},"end":{"line":16,"column":5}},"5":{"start":{"line":20,"column":2},"end":{"line":20,"column":28}},"6":{"start":{"line":24,"column":2},"end":{"line":24,"column":29}},"7":{"start":{"line":28,"column":2},"end":{"line":28,"column":28}},"8":{"start":{"line":7,"column":13},"end":{"line":30,"column":null}},"9":{"start":{"line":7,"column":13},"end":{"line":7,"column":26}}},"fnMap":{"0":{"name":"(anonymous_2)","decl":{"start":{"line":10,"column":1},"end":{"line":10,"column":null}},"loc":{"start":{"line":10,"column":1},"end":{"line":17,"column":2}}},"1":{"name":"(anonymous_3)","decl":{"start":{"line":19,"column":8},"end":{"line":19,"column":11}},"loc":{"start":{"line":19,"column":30},"end":{"line":21,"column":2}}},"2":{"name":"(anonymous_4)","decl":{"start":{"line":23,"column":8},"end":{"line":23,"column":13}},"loc":{"start":{"line":23,"column":32},"end":{"line":25,"column":2}}},"3":{"name":"(anonymous_5)","decl":{"start":{"line":27,"column":8},"end":{"line":27,"column":12}},"loc":{"start":{"line":27,"column":31},"end":{"line":29,"column":2}}}},"branchMap":{},"s":{"0":1,"1":1,"2":1,"3":1,"4":1,"5":6,"6":1,"7":0,"8":1,"9":1},"f":{"0":1,"1":6,"2":1,"3":0},"b":{}}
,"C:\\Users\\Viqtor\\Desktop\\Projects\\nodeJs\\node-purple\\express\\src\\users\\user.entity.ts": {"path":"C:\\Users\\Viqtor\\Desktop\\Projects\\nodeJs\\node-purple\\express\\src\\users\\user.entity.ts","statementMap":{"0":{"start":{"line":1,"column":0},"end":{"line":1,"column":41}},"1":{"start":{"line":5,"column":21},"end":{"line":5,"column":35}},"2":{"start":{"line":5,"column":45},"end":{"line":5,"column":58}},"3":{"start":{"line":6,"column":2},"end":{"line":8,"column":null}},"4":{"start":{"line":7,"column":3},"end":{"line":7,"column":33}},"5":{"start":{"line":12,"column":2},"end":{"line":12,"column":21}},"6":{"start":{"line":16,"column":2},"end":{"line":16,"column":20}},"7":{"start":{"line":20,"column":2},"end":{"line":20,"column":24}},"8":{"start":{"line":24,"column":2},"end":{"line":24,"column":42}},"9":{"start":{"line":28,"column":2},"end":{"line":28,"column":43}},"10":{"start":{"line":3,"column":0},"end":{"line":3,"column":13}}},"fnMap":{"0":{"name":"(anonymous_7)","decl":{"start":{"line":5,"column":1},"end":{"line":5,"column":21}},"loc":{"start":{"line":5,"column":81},"end":{"line":9,"column":2}}},"1":{"name":"(anonymous_8)","decl":{"start":{"line":11,"column":1},"end":{"line":11,"column":5}},"loc":{"start":{"line":11,"column":10},"end":{"line":13,"column":2}}},"2":{"name":"(anonymous_9)","decl":{"start":{"line":15,"column":1},"end":{"line":15,"column":5}},"loc":{"start":{"line":15,"column":9},"end":{"line":17,"column":2}}},"3":{"name":"(anonymous_10)","decl":{"start":{"line":19,"column":1},"end":{"line":19,"column":5}},"loc":{"start":{"line":19,"column":13},"end":{"line":21,"column":2}}},"4":{"name":"(anonymous_11)","decl":{"start":{"line":23,"column":14},"end":{"line":23,"column":25}},"loc":{"start":{"line":23,"column":52},"end":{"line":25,"column":null}}},"5":{"name":"(anonymous_13)","decl":{"start":{"line":27,"column":14},"end":{"line":27,"column":29}},"loc":{"start":{"line":27,"column":46},"end":{"line":29,"column":null}}}},"branchMap":{"0":{"loc":{"start":{"line":6,"column":2},"end":{"line":8,"column":null}},"type":"if","locations":[{"start":{"line":6,"column":2},"end":{"line":8,"column":null}}]}},"s":{"0":1,"1":3,"2":3,"3":3,"4":3,"5":0,"6":0,"7":0,"8":0,"9":3,"10":1},"f":{"0":3,"1":0,"2":0,"3":0,"4":0,"5":3},"b":{"0":[3]}}
,"C:\\Users\\Viqtor\\Desktop\\Projects\\nodeJs\\node-purple\\express\\src\\users\\users.controller.ts": {"path":"C:\\Users\\Viqtor\\Desktop\\Projects\\nodeJs\\node-purple\\express\\src\\users\\users.controller.ts","statementMap":{"0":{"start":{"line":1,"column":0},"end":{"line":1,"column":59}},"1":{"start":{"line":3,"column":0},"end":{"line":3,"column":55}},"2":{"start":{"line":4,"column":0},"end":{"line":4,"column":47}},"3":{"start":{"line":5,"column":0},"end":{"line":5,"column":33}},"4":{"start":{"line":7,"column":0},"end":{"line":7,"column":26}},"5":{"start":{"line":9,"column":0},"end":{"line":9,"column":52}},"6":{"start":{"line":10,"column":0},"end":{"line":10,"column":58}},"7":{"start":{"line":11,"column":0},"end":{"line":11,"column":67}},"8":{"start":{"line":12,"column":0},"end":{"line":12,"column":36}},"9":{"start":{"line":15,"column":0},"end":{"line":15,"column":49}},"10":{"start":{"line":18,"column":7},"end":{"line":103,"column":null}},"11":{"start":{"line":24,"column":2},"end":{"line":24,"column":23}},"12":{"start":{"line":20,"column":32},"end":{"line":20,"column":54}},"13":{"start":{"line":21,"column":37},"end":{"line":21,"column":62}},"14":{"start":{"line":22,"column":39},"end":{"line":22,"column":68}},"15":{"start":{"line":25,"column":2},"end":{"line":44,"column":5}},"16":{"start":{"line":52,"column":18},"end":{"line":52,"column":59}},"17":{"start":{"line":54,"column":2},"end":{"line":56,"column":null}},"18":{"start":{"line":55,"column":3},"end":{"line":55,"column":66}},"19":{"start":{"line":58,"column":17},"end":{"line":58,"column":49}},"20":{"start":{"line":59,"column":14},"end":{"line":59,"column":52}},"21":{"start":{"line":61,"column":2},"end":{"line":61,"column":24}},"22":{"start":{"line":69,"column":15},"end":{"line":69,"column":54}},"23":{"start":{"line":71,"column":2},"end":{"line":73,"column":null}},"24":{"start":{"line":72,"column":3},"end":{"line":72,"column":90}},"25":{"start":{"line":75,"column":2},"end":{"line":75,"column":51}},"26":{"start":{"line":83,"column":19},"end":{"line":83,"column":59}},"27":{"start":{"line":85,"column":2},"end":{"line":85,"column":61}},"28":{"start":{"line":89,"column":2},"end":{"line":101,"column":5}},"29":{"start":{"line":90,"column":3},"end":{"line":100,"column":5}},"30":{"start":{"line":95,"column":5},"end":{"line":97,"column":null}},"31":{"start":{"line":96,"column":6},"end":{"line":96,"column":18}},"32":{"start":{"line":98,"column":5},"end":{"line":98,"column":30}},"33":{"start":{"line":18,"column":13},"end":{"line":103,"column":null}},"34":{"start":{"line":18,"column":13},"end":{"line":18,"column":27}}},"fnMap":{"0":{"name":"(anonymous_11)","decl":{"start":{"line":19,"column":1},"end":{"line":19,"column":null}},"loc":{"start":{"line":22,"column":68},"end":{"line":45,"column":2}}},"1":{"name":"(anonymous_12)","decl":{"start":{"line":47,"column":7},"end":{"line":47,"column":12}},"loc":{"start":{"line":50,"column":20},"end":{"line":62,"column":null}}},"2":{"name":"(anonymous_14)","decl":{"start":{"line":64,"column":7},"end":{"line":64,"column":15}},"loc":{"start":{"line":67,"column":20},"end":{"line":76,"column":null}}},"3":{"name":"(anonymous_16)","decl":{"start":{"line":78,"column":7},"end":{"line":78,"column":11}},"loc":{"start":{"line":81,"column":20},"end":{"line":86,"column":null}}},"4":{"name":"(anonymous_18)","decl":{"start":{"line":88,"column":9},"end":{"line":88,"column":16}},"loc":{"start":{"line":88,"column":46},"end":{"line":102,"column":2}}},"5":{"name":"(anonymous_19)","decl":{"start":{"line":89,"column":29},"end":{"line":89,"column":30}},"loc":{"start":{"line":89,"column":49},"end":{"line":101,"column":3}}},"6":{"name":"(anonymous_20)","decl":{"start":{"line":94,"column":4},"end":{"line":94,"column":5}},"loc":{"start":{"line":94,"column":19},"end":{"line":99,"column":5}}}},"branchMap":{"0":{"loc":{"start":{"line":54,"column":2},"end":{"line":56,"column":null}},"type":"if","locations":[{"start":{"line":54,"column":2},"end":{"line":56,"column":null}}]},"1":{"loc":{"start":{"line":71,"column":2},"end":{"line":73,"column":null}},"type":"if","locations":[{"start":{"line":71,"column":2},"end":{"line":73,"column":null}}]},"2":{"loc":{"start":{"line":85,"column":24},"end":{"line":85,"column":39}},"type":"cond-expr","locations":[{"start":{"line":85,"column":32},"end":{"line":85,"column":34}},{"start":{"line":85,"column":24},"end":{"line":85,"column":39}}]},"3":{"loc":{"start":{"line":85,"column":24},"end":{"line":85,"column":34}},"type":"binary-expr","locations":[{"start":{"line":85,"column":24},"end":{"line":85,"column":34}},{"start":{"line":85,"column":24},"end":{"line":85,"column":34}}]},"4":{"loc":{"start":{"line":85,"column":45},"end":{"line":85,"column":57}},"type":"cond-expr","locations":[{"start":{"line":85,"column":53},"end":{"line":85,"column":55}},{"start":{"line":85,"column":45},"end":{"line":85,"column":57}}]},"5":{"loc":{"start":{"line":85,"column":45},"end":{"line":85,"column":55}},"type":"binary-expr","locations":[{"start":{"line":85,"column":45},"end":{"line":85,"column":55}},{"start":{"line":85,"column":45},"end":{"line":85,"column":55}}]},"6":{"loc":{"start":{"line":95,"column":5},"end":{"line":97,"column":null}},"type":"if","locations":[{"start":{"line":95,"column":5},"end":{"line":97,"column":null}}]}},"s":{"0":1,"1":1,"2":1,"3":1,"4":1,"5":1,"6":1,"7":1,"8":1,"9":1,"10":1,"11":1,"12":1,"13":1,"14":1,"15":1,"16":3,"17":3,"18":1,"19":2,"20":2,"21":2,"22":0,"23":0,"24":0,"25":0,"26":1,"27":1,"28":2,"29":2,"30":2,"31":0,"32":2,"33":1,"34":1},"f":{"0":1,"1":3,"2":0,"3":1,"4":2,"5":2,"6":2},"b":{"0":[1],"1":[0],"2":[0,1],"3":[1,1],"4":[0,1],"5":[1,1],"6":[0]}}
,"C:\\Users\\Viqtor\\Desktop\\Projects\\nodeJs\\node-purple\\express\\src\\users\\users.repository.ts": {"path":"C:\\Users\\Viqtor\\Desktop\\Projects\\nodeJs\\node-purple\\express\\src\\users\\users.repository.ts","statementMap":{"0":{"start":{"line":4,"column":0},"end":{"line":4,"column":47}},"1":{"start":{"line":5,"column":0},"end":{"line":5,"column":33}},"2":{"start":{"line":6,"column":0},"end":{"line":6,"column":59}},"3":{"start":{"line":9,"column":7},"end":{"line":21,"column":null}},"4":{"start":{"line":10,"column":50},"end":{"line":10,"column":65}},"5":{"start":{"line":13,"column":2},"end":{"line":15,"column":5}},"6":{"start":{"line":19,"column":2},"end":{"line":19,"column":77}},"7":{"start":{"line":9,"column":13},"end":{"line":21,"column":null}},"8":{"start":{"line":9,"column":13},"end":{"line":9,"column":28}}},"fnMap":{"0":{"name":"(anonymous_11)","decl":{"start":{"line":10,"column":1},"end":{"line":10,"column":14}},"loc":{"start":{"line":10,"column":78},"end":{"line":10,"column":82}}},"1":{"name":"(anonymous_12)","decl":{"start":{"line":12,"column":7},"end":{"line":12,"column":13}},"loc":{"start":{"line":12,"column":45},"end":{"line":16,"column":null}}},"2":{"name":"(anonymous_14)","decl":{"start":{"line":18,"column":7},"end":{"line":18,"column":11}},"loc":{"start":{"line":18,"column":25},"end":{"line":20,"column":null}}}},"branchMap":{},"s":{"0":1,"1":1,"2":1,"3":1,"4":1,"5":0,"6":4,"7":1,"8":1},"f":{"0":1,"1":0,"2":4},"b":{}}
,"C:\\Users\\Viqtor\\Desktop\\Projects\\nodeJs\\node-purple\\express\\src\\users\\users.service.ts": {"path":"C:\\Users\\Viqtor\\Desktop\\Projects\\nodeJs\\node-purple\\express\\src\\users\\users.service.ts","statementMap":{"0":{"start":{"line":1,"column":0},"end":{"line":1,"column":47}},"1":{"start":{"line":4,"column":0},"end":{"line":4,"column":37}},"2":{"start":{"line":6,"column":0},"end":{"line":6,"column":33}},"3":{"start":{"line":12,"column":7},"end":{"line":42,"column":null}},"4":{"start":{"line":14,"column":39},"end":{"line":14,"column":68}},"5":{"start":{"line":15,"column":41},"end":{"line":15,"column":74}},"6":{"start":{"line":18,"column":15},"end":{"line":18,"column":36}},"7":{"start":{"line":19,"column":15},"end":{"line":19,"column":45}},"8":{"start":{"line":21,"column":2},"end":{"line":21,"column":49}},"9":{"start":{"line":23,"column":22},"end":{"line":23,"column":60}},"10":{"start":{"line":25,"column":2},"end":{"line":25,"column":64}},"11":{"start":{"line":29,"column":22},"end":{"line":29,"column":60}},"12":{"start":{"line":30,"column":2},"end":{"line":32,"column":null}},"13":{"start":{"line":31,"column":3},"end":{"line":31,"column":16}},"14":{"start":{"line":34,"column":18},"end":{"line":34,"column":85}},"15":{"start":{"line":36,"column":2},"end":{"line":36,"column":43}},"16":{"start":{"line":40,"column":2},"end":{"line":40,"column":42}},"17":{"start":{"line":12,"column":13},"end":{"line":42,"column":null}},"18":{"start":{"line":12,"column":13},"end":{"line":12,"column":24}}},"fnMap":{"0":{"name":"(anonymous_11)","decl":{"start":{"line":13,"column":1},"end":{"line":13,"column":null}},"loc":{"start":{"line":15,"column":74},"end":{"line":16,"column":5}}},"1":{"name":"(anonymous_12)","decl":{"start":{"line":17,"column":7},"end":{"line":17,"column":17}},"loc":{"start":{"line":17,"column":60},"end":{"line":26,"column":null}}},"2":{"name":"(anonymous_14)","decl":{"start":{"line":28,"column":7},"end":{"line":28,"column":19}},"loc":{"start":{"line":28,"column":53},"end":{"line":37,"column":null}}},"3":{"name":"(anonymous_16)","decl":{"start":{"line":39,"column":7},"end":{"line":39,"column":18}},"loc":{"start":{"line":39,"column":32},"end":{"line":41,"column":null}}}},"branchMap":{"0":{"loc":{"start":{"line":25,"column":9},"end":{"line":25,"column":63}},"type":"cond-expr","locations":[{"start":{"line":25,"column":23},"end":{"line":25,"column":27}},{"start":{"line":25,"column":30},"end":{"line":25,"column":63}}]},"1":{"loc":{"start":{"line":30,"column":2},"end":{"line":32,"column":null}},"type":"if","locations":[{"start":{"line":30,"column":2},"end":{"line":32,"column":null}}]}},"s":{"0":1,"1":1,"2":1,"3":1,"4":1,"5":1,"6":0,"7":0,"8":0,"9":0,"10":0,"11":3,"12":3,"13":0,"14":3,"15":3,"16":1,"17":1,"18":1},"f":{"0":1,"1":0,"2":3,"3":1},"b":{"0":[0,0],"1":[0]}}
,"C:\\Users\\Viqtor\\Desktop\\Projects\\nodeJs\\node-purple\\express\\src\\users\\dto\\user-login.dto.ts": {"path":"C:\\Users\\Viqtor\\Desktop\\Projects\\nodeJs\\node-purple\\express\\src\\users\\dto\\user-login.dto.ts","statementMap":{"0":{"start":{"line":1,"column":0},"end":{"line":1,"column":60}},"1":{"start":{"line":4,"column":1},"end":{"line":5,"column":null}},"2":{"start":{"line":7,"column":1},"end":{"line":8,"column":null}},"3":{"start":{"line":3,"column":0},"end":{"line":3,"column":13}}},"fnMap":{},"branchMap":{},"s":{"0":1,"1":1,"2":1,"3":1},"f":{},"b":{}}
,"C:\\Users\\Viqtor\\Desktop\\Projects\\nodeJs\\node-purple\\express\\src\\users\\dto\\user-register.dto.ts": {"path":"C:\\Users\\Viqtor\\Desktop\\Projects\\nodeJs\\node-purple\\express\\src\\users\\dto\\user-register.dto.ts","statementMap":{"0":{"start":{"line":1,"column":0},"end":{"line":1,"column":52}},"1":{"start":{"line":4,"column":1},"end":{"line":5,"column":null}},"2":{"start":{"line":7,"column":1},"end":{"line":8,"column":null}},"3":{"start":{"line":10,"column":1},"end":{"line":11,"column":null}},"4":{"start":{"line":3,"column":0},"end":{"line":3,"column":13}}},"fnMap":{},"branchMap":{},"s":{"0":1,"1":1,"2":1,"3":1,"4":1},"f":{},"b":{}}
}
